0 info it worked if it ends with ok
1 verbose cli [ 'node', '/usr/local/bin/npm', 'install' ]
2 info using npm@1.4.13
3 info using node@v0.10.28
4 verbose node symlink /usr/local/bin/node
5 verbose readDependencies using package.json deps
6 verbose install where, deps [ '/Users/jareddeckard/Github/stellar-lib',
6 verbose install   [ 'async',
6 verbose install     'extend',
6 verbose install     'lru-cache',
6 verbose install     'superagent',
6 verbose install     'gulp-uglify',
6 verbose install     'gulp-rename',
6 verbose install     'tweetnacl',
6 verbose install     'sjcl',
6 verbose install     'jsbn',
6 verbose install     'mocha',
6 verbose install     'gulp',
6 verbose install     'gulp-concat',
6 verbose install     'gulp-jshint',
6 verbose install     'webpack',
6 verbose install     'map-stream',
6 verbose install     'istanbul',
6 verbose install     'coveralls',
6 verbose install     'nock' ] ]
7 info preinstall stellar-lib@1.0.0
8 warn package.json jshint-loader@0.5.0 No repository field.
9 verbose readDependencies using package.json deps
10 verbose already installed skipping gulp-uglify@~0.3.0 /Users/jareddeckard/Github/stellar-lib
11 verbose cache add [ 'tweetnacl@git+https://github.com/stellar/tweetnacl-js.git',
11 verbose cache add   null ]
12 verbose cache add name=undefined spec="tweetnacl@git+https://github.com/stellar/tweetnacl-js.git" args=["tweetnacl@git+https://github.com/stellar/tweetnacl-js.git",null]
13 verbose parsed url { protocol: null,
13 verbose parsed url   slashes: null,
13 verbose parsed url   auth: null,
13 verbose parsed url   host: null,
13 verbose parsed url   port: null,
13 verbose parsed url   hostname: null,
13 verbose parsed url   hash: null,
13 verbose parsed url   search: null,
13 verbose parsed url   query: null,
13 verbose parsed url   pathname: 'tweetnacl@git+https://github.com/stellar/tweetnacl-js.git',
13 verbose parsed url   path: 'tweetnacl@git+https://github.com/stellar/tweetnacl-js.git',
13 verbose parsed url   href: 'tweetnacl@git+https://github.com/stellar/tweetnacl-js.git' }
14 verbose already installed skipping gulp-rename@~1.2.0 /Users/jareddeckard/Github/stellar-lib
15 verbose cache add name="tweetnacl" spec="git+https://github.com/stellar/tweetnacl-js.git" args=["tweetnacl","git+https://github.com/stellar/tweetnacl-js.git"]
16 verbose parsed url { protocol: 'git+https:',
16 verbose parsed url   slashes: true,
16 verbose parsed url   auth: null,
16 verbose parsed url   host: 'github.com',
16 verbose parsed url   port: null,
16 verbose parsed url   hostname: 'github.com',
16 verbose parsed url   hash: null,
16 verbose parsed url   search: null,
16 verbose parsed url   query: null,
16 verbose parsed url   pathname: '/stellar/tweetnacl-js.git',
16 verbose parsed url   path: '/stellar/tweetnacl-js.git',
16 verbose parsed url   href: 'git+https://github.com/stellar/tweetnacl-js.git' }
17 verbose already installed skipping sjcl@~1.0.0 /Users/jareddeckard/Github/stellar-lib
18 silly lockFile a6daa701-hub-com-stellar-tweetnacl-js-git https://github.com/stellar/tweetnacl-js.git
19 verbose lock https://github.com/stellar/tweetnacl-js.git /Users/jareddeckard/.npm/a6daa701-hub-com-stellar-tweetnacl-js-git.lock
20 verbose cache add [ 'jsbn@~0.0.0', null ]
21 verbose cache add name=undefined spec="jsbn@~0.0.0" args=["jsbn@~0.0.0",null]
22 verbose parsed url { protocol: null,
22 verbose parsed url   slashes: null,
22 verbose parsed url   auth: null,
22 verbose parsed url   host: null,
22 verbose parsed url   port: null,
22 verbose parsed url   hostname: null,
22 verbose parsed url   hash: null,
22 verbose parsed url   search: null,
22 verbose parsed url   query: null,
22 verbose parsed url   pathname: 'jsbn@~0.0.0',
22 verbose parsed url   path: 'jsbn@~0.0.0',
22 verbose parsed url   href: 'jsbn@~0.0.0' }
23 verbose addRemoteGit [ 'https://github.com/stellar/tweetnacl-js.git', 'master' ]
24 verbose cache add name="jsbn" spec="~0.0.0" args=["jsbn","~0.0.0"]
25 verbose parsed url { protocol: null,
25 verbose parsed url   slashes: null,
25 verbose parsed url   auth: null,
25 verbose parsed url   host: null,
25 verbose parsed url   port: null,
25 verbose parsed url   hostname: null,
25 verbose parsed url   hash: null,
25 verbose parsed url   search: null,
25 verbose parsed url   query: null,
25 verbose parsed url   pathname: '~0.0.0',
25 verbose parsed url   path: '~0.0.0',
25 verbose parsed url   href: '~0.0.0' }
26 verbose addNamed [ 'jsbn', '~0.0.0' ]
27 verbose addNamed [ null, '>=0.0.0-0 <0.1.0-0' ]
28 silly lockFile 592aafa6-jsbn-0-0-0 jsbn@~0.0.0
29 verbose lock jsbn@~0.0.0 /Users/jareddeckard/.npm/592aafa6-jsbn-0-0-0.lock
30 verbose already installed skipping mocha@~1.14.0 /Users/jareddeckard/Github/stellar-lib
31 silly addNameRange { name: 'jsbn', range: '>=0.0.0-0 <0.1.0-0', hasData: false }
32 verbose already installed skipping gulp-concat@~2.2.0 /Users/jareddeckard/Github/stellar-lib
33 verbose already installed skipping gulp@~3.6.2 /Users/jareddeckard/Github/stellar-lib
34 verbose already installed skipping gulp-jshint@~1.5.5 /Users/jareddeckard/Github/stellar-lib
35 verbose already installed skipping webpack@~1.1.11 /Users/jareddeckard/Github/stellar-lib
36 verbose already installed skipping map-stream@~0.1.0 /Users/jareddeckard/Github/stellar-lib
37 verbose url raw jsbn
38 verbose url resolving [ 'https://registry.npmjs.org/', './jsbn' ]
39 verbose url resolved https://registry.npmjs.org/jsbn
40 info trying registry request attempt 1 at 23:47:58
41 http GET https://registry.npmjs.org/jsbn
42 verbose already installed skipping coveralls@~2.10.0 /Users/jareddeckard/Github/stellar-lib
43 verbose already installed skipping istanbul@~0.2.10 /Users/jareddeckard/Github/stellar-lib
44 verbose already installed skipping nock@^0.34.1 /Users/jareddeckard/Github/stellar-lib
45 verbose already installed skipping lru-cache@~2.5.0 /Users/jareddeckard/Github/stellar-lib
46 verbose already installed skipping async@~0.9.0 /Users/jareddeckard/Github/stellar-lib
47 verbose already installed skipping extend@~1.2.1 /Users/jareddeckard/Github/stellar-lib
48 verbose already installed skipping superagent@^0.18.0 /Users/jareddeckard/Github/stellar-lib
49 verbose git remote.origin.url https://github.com/stellar/tweetnacl-js.git
50 verbose git fetch -a origin (https://github.com/stellar/tweetnacl-js.git)
51 verbose git rev-list -n1 master 063e072e482558cfc725b29e93f97bbaba99e5d9
52 verbose resolved git url git+https://github.com/stellar/tweetnacl-js.git#063e072e482558cfc725b29e93f97bbaba99e5d9
53 verbose tar unpack /var/folders/ph/1dqyp3js621dxdp2nz8g361r0000gn/T/npm-25273-OgZuyDuM/1408776479089-0.8623988651670516/tmp.tgz
54 silly lockFile 7602788b--8623988651670516-tmp-tgz-unpack tar:///var/folders/ph/1dqyp3js621dxdp2nz8g361r0000gn/T/npm-25273-OgZuyDuM/1408776479089-0.8623988651670516/tmp.tgz-unpack
55 verbose lock tar:///var/folders/ph/1dqyp3js621dxdp2nz8g361r0000gn/T/npm-25273-OgZuyDuM/1408776479089-0.8623988651670516/tmp.tgz-unpack /Users/jareddeckard/.npm/7602788b--8623988651670516-tmp-tgz-unpack.lock
56 silly lockFile e15fec80-79089-0-8623988651670516-tmp-tgz tar:///var/folders/ph/1dqyp3js621dxdp2nz8g361r0000gn/T/npm-25273-OgZuyDuM/1408776479089-0.8623988651670516/tmp.tgz
57 verbose lock tar:///var/folders/ph/1dqyp3js621dxdp2nz8g361r0000gn/T/npm-25273-OgZuyDuM/1408776479089-0.8623988651670516/tmp.tgz /Users/jareddeckard/.npm/e15fec80-79089-0-8623988651670516-tmp-tgz.lock
58 silly gunzTarPerm modes [ '755', '644' ]
59 silly gunzTarPerm extractEntry
60 silly gunzTarPerm modified mode [ '', 509, 493 ]
61 silly gunzTarPerm extractEntry .gitignore
62 silly gunzTarPerm modified mode [ '.gitignore', 436, 420 ]
63 silly gunzTarPerm extractEntry .travis.yml
64 silly gunzTarPerm modified mode [ '.travis.yml', 436, 420 ]
65 silly gunzTarPerm extractEntry README.md
66 silly gunzTarPerm modified mode [ 'README.md', 436, 420 ]
67 silly gunzTarPerm extractEntry bower.json
68 silly gunzTarPerm modified mode [ 'bower.json', 436, 420 ]
69 silly gunzTarPerm extractEntry nacl-fast.js
70 silly gunzTarPerm modified mode [ 'nacl-fast.js', 436, 420 ]
71 silly gunzTarPerm extractEntry nacl-fast.min.js
72 silly gunzTarPerm modified mode [ 'nacl-fast.min.js', 436, 420 ]
73 silly gunzTarPerm extractEntry nacl.js
74 silly gunzTarPerm modified mode [ 'nacl.js', 436, 420 ]
75 silly gunzTarPerm extractEntry nacl.min.js
76 silly gunzTarPerm modified mode [ 'nacl.min.js', 436, 420 ]
77 silly gunzTarPerm extractEntry package.json
78 silly gunzTarPerm modified mode [ 'package.json', 436, 420 ]
79 silly gunzTarPerm extractEntry test/
80 silly gunzTarPerm modified mode [ 'test/', 509, 493 ]
81 silly gunzTarPerm extractEntry test/00-utils.js
82 silly gunzTarPerm modified mode [ 'test/00-utils.js', 436, 420 ]
83 silly gunzTarPerm extractEntry test/00-utils.quick.js
84 silly gunzTarPerm modified mode [ 'test/00-utils.quick.js', 436, 420 ]
85 silly gunzTarPerm extractEntry test/01-verify.quick.js
86 silly gunzTarPerm modified mode [ 'test/01-verify.quick.js', 436, 420 ]
87 silly gunzTarPerm extractEntry test/02-randombytes.quick.js
88 silly gunzTarPerm modified mode [ 'test/02-randombytes.quick.js', 436, 420 ]
89 silly gunzTarPerm extractEntry test/03-onetimeauth.quick.js
90 silly gunzTarPerm modified mode [ 'test/03-onetimeauth.quick.js', 436, 420 ]
91 silly gunzTarPerm extractEntry test/04-secretbox.js
92 silly gunzTarPerm modified mode [ 'test/04-secretbox.js', 436, 420 ]
93 silly gunzTarPerm extractEntry test/04-secretbox.quick.js
94 silly gunzTarPerm modified mode [ 'test/04-secretbox.quick.js', 436, 420 ]
95 silly gunzTarPerm extractEntry test/05-scalarmult.js
96 silly gunzTarPerm modified mode [ 'test/05-scalarmult.js', 436, 420 ]
97 silly gunzTarPerm extractEntry test/06-box.js
98 silly gunzTarPerm modified mode [ 'test/06-box.js', 436, 420 ]
99 silly gunzTarPerm extractEntry test/06-box.quick.js
100 silly gunzTarPerm modified mode [ 'test/06-box.quick.js', 436, 420 ]
101 silly gunzTarPerm extractEntry test/07-hash.js
102 silly gunzTarPerm modified mode [ 'test/07-hash.js', 436, 420 ]
103 silly gunzTarPerm extractEntry test/07-hash.quick.js
104 silly gunzTarPerm modified mode [ 'test/07-hash.quick.js', 436, 420 ]
105 silly gunzTarPerm extractEntry test/08-sign.js
106 silly gunzTarPerm modified mode [ 'test/08-sign.js', 436, 420 ]
107 silly gunzTarPerm extractEntry test/08-sign.quick.js
108 silly gunzTarPerm modified mode [ 'test/08-sign.quick.js', 436, 420 ]
109 silly gunzTarPerm extractEntry test/benchmark/
110 silly gunzTarPerm modified mode [ 'test/benchmark/', 509, 493 ]
111 silly gunzTarPerm extractEntry test/benchmark/README
112 silly gunzTarPerm modified mode [ 'test/benchmark/README', 436, 420 ]
113 silly gunzTarPerm extractEntry test/benchmark/bench-fast.html
114 silly gunzTarPerm modified mode [ 'test/benchmark/bench-fast.html', 436, 420 ]
115 silly gunzTarPerm extractEntry test/benchmark/bench.html
116 silly gunzTarPerm modified mode [ 'test/benchmark/bench.html', 436, 420 ]
117 silly gunzTarPerm extractEntry test/benchmark/bench.js
118 silly gunzTarPerm modified mode [ 'test/benchmark/bench.js', 436, 420 ]
119 silly gunzTarPerm extractEntry test/benchmark/helpers.js
120 silly gunzTarPerm modified mode [ 'test/benchmark/helpers.js', 436, 420 ]
121 silly gunzTarPerm extractEntry test/browser/
122 silly gunzTarPerm modified mode [ 'test/browser/', 509, 493 ]
123 silly gunzTarPerm extractEntry test/browser/.gitignore
124 silly gunzTarPerm modified mode [ 'test/browser/.gitignore', 436, 420 ]
125 silly gunzTarPerm extractEntry test/browser/README
126 silly gunzTarPerm modified mode [ 'test/browser/README', 436, 420 ]
127 silly gunzTarPerm extractEntry test/browser/index.html
128 silly gunzTarPerm modified mode [ 'test/browser/index.html', 436, 420 ]
129 silly gunzTarPerm extractEntry test/browser/init.js
130 silly gunzTarPerm modified mode [ 'test/browser/init.js', 436, 420 ]
131 silly gunzTarPerm extractEntry test/browser/test-fast.html
132 silly gunzTarPerm modified mode [ 'test/browser/test-fast.html', 436, 420 ]
133 silly gunzTarPerm extractEntry test/browser/test-quick-fast.html
134 silly gunzTarPerm modified mode [ 'test/browser/test-quick-fast.html', 436, 420 ]
135 silly gunzTarPerm extractEntry test/browser/test-quick.html
136 silly gunzTarPerm modified mode [ 'test/browser/test-quick.html', 436, 420 ]
137 silly gunzTarPerm extractEntry test/browser/test.html
138 silly gunzTarPerm modified mode [ 'test/browser/test.html', 436, 420 ]
139 silly gunzTarPerm extractEntry test/browser/testling_init.js
140 silly gunzTarPerm modified mode [ 'test/browser/testling_init.js', 436, 420 ]
141 silly gunzTarPerm extractEntry test/c/
142 silly gunzTarPerm modified mode [ 'test/c/', 509, 493 ]
143 silly gunzTarPerm extractEntry test/c/.gitignore
144 silly gunzTarPerm modified mode [ 'test/c/.gitignore', 436, 420 ]
145 silly gunzTarPerm extractEntry test/c/00-secretbox.js
146 silly gunzTarPerm modified mode [ 'test/c/00-secretbox.js', 436, 420 ]
147 silly gunzTarPerm extractEntry test/c/01-scalarmult.js
148 silly gunzTarPerm modified mode [ 'test/c/01-scalarmult.js', 436, 420 ]
149 silly gunzTarPerm extractEntry test/c/02-box.js
150 silly gunzTarPerm modified mode [ 'test/c/02-box.js', 436, 420 ]
151 silly gunzTarPerm extractEntry test/c/03-hash.js
152 silly gunzTarPerm modified mode [ 'test/c/03-hash.js', 436, 420 ]
153 silly gunzTarPerm extractEntry test/c/04-sign.js
154 silly gunzTarPerm modified mode [ 'test/c/04-sign.js', 436, 420 ]
155 silly gunzTarPerm extractEntry test/c/Makefile
156 silly gunzTarPerm modified mode [ 'test/c/Makefile', 436, 420 ]
157 silly gunzTarPerm extractEntry test/c/README
158 silly gunzTarPerm modified mode [ 'test/c/README', 436, 420 ]
159 silly gunzTarPerm extractEntry test/c/cbox.c
160 silly gunzTarPerm modified mode [ 'test/c/cbox.c', 436, 420 ]
161 silly gunzTarPerm extractEntry test/c/chash.c
162 silly gunzTarPerm modified mode [ 'test/c/chash.c', 436, 420 ]
163 silly gunzTarPerm extractEntry test/c/cscalarmult.c
164 silly gunzTarPerm modified mode [ 'test/c/cscalarmult.c', 436, 420 ]
165 silly gunzTarPerm extractEntry test/c/csecretbox.c
166 silly gunzTarPerm modified mode [ 'test/c/csecretbox.c', 436, 420 ]
167 silly gunzTarPerm extractEntry test/c/csign.c
168 silly gunzTarPerm modified mode [ 'test/c/csign.c', 436, 420 ]
169 silly gunzTarPerm extractEntry test/c/tweetnacl.c
170 silly gunzTarPerm modified mode [ 'test/c/tweetnacl.c', 436, 420 ]
171 silly gunzTarPerm extractEntry test/c/tweetnacl.h
172 silly gunzTarPerm modified mode [ 'test/c/tweetnacl.h', 436, 420 ]
173 silly gunzTarPerm extractEntry test/data/
174 silly gunzTarPerm modified mode [ 'test/data/', 509, 493 ]
175 silly gunzTarPerm extractEntry test/data/README
176 silly gunzTarPerm modified mode [ 'test/data/README', 436, 420 ]
177 silly gunzTarPerm extractEntry test/data/base64.random.js
178 silly gunzTarPerm modified mode [ 'test/data/base64.random.js', 436, 420 ]
179 silly gunzTarPerm extractEntry test/data/box.random.js
180 silly gunzTarPerm modified mode [ 'test/data/box.random.js', 436, 420 ]
181 silly gunzTarPerm extractEntry test/data/hash.random.js
182 silly gunzTarPerm modified mode [ 'test/data/hash.random.js', 436, 420 ]
183 silly gunzTarPerm extractEntry test/data/hash.spec.js
184 silly gunzTarPerm modified mode [ 'test/data/hash.spec.js', 436, 420 ]
185 silly gunzTarPerm extractEntry test/data/onetimeauth.spec.js
186 silly gunzTarPerm modified mode [ 'test/data/onetimeauth.spec.js', 436, 420 ]
187 silly gunzTarPerm extractEntry test/data/scalarmult.random.js
188 silly gunzTarPerm modified mode [ 'test/data/scalarmult.random.js', 436, 420 ]
189 silly gunzTarPerm extractEntry test/data/secretbox.random.js
190 silly gunzTarPerm modified mode [ 'test/data/secretbox.random.js', 436, 420 ]
191 silly gunzTarPerm extractEntry test/data/sign.spec.js
192 silly gunzTarPerm modified mode [ 'test/data/sign.spec.js', 436, 420 ]
193 silly gunzTarPerm extractEntry test/generate_data/
194 silly gunzTarPerm modified mode [ 'test/generate_data/', 509, 493 ]
195 silly gunzTarPerm extractEntry test/generate_data/README
196 silly gunzTarPerm modified mode [ 'test/generate_data/README', 436, 420 ]
197 silly gunzTarPerm extractEntry test/generate_data/base64.go
198 silly gunzTarPerm modified mode [ 'test/generate_data/base64.go', 436, 420 ]
199 silly gunzTarPerm extractEntry test/generate_data/box.go
200 silly gunzTarPerm modified mode [ 'test/generate_data/box.go', 436, 420 ]
201 silly gunzTarPerm extractEntry test/generate_data/hash.go
202 silly gunzTarPerm modified mode [ 'test/generate_data/hash.go', 436, 420 ]
203 silly gunzTarPerm extractEntry test/generate_data/scalarmult.go
204 silly gunzTarPerm modified mode [ 'test/generate_data/scalarmult.go', 436, 420 ]
205 silly gunzTarPerm extractEntry test/generate_data/secretbox.go
206 silly gunzTarPerm modified mode [ 'test/generate_data/secretbox.go', 436, 420 ]
207 silly gunzTarPerm extractEntry test/generate_data/sign.go
208 silly gunzTarPerm modified mode [ 'test/generate_data/sign.go', 436, 420 ]
209 silly lockFile 7602788b--8623988651670516-tmp-tgz-unpack tar:///var/folders/ph/1dqyp3js621dxdp2nz8g361r0000gn/T/npm-25273-OgZuyDuM/1408776479089-0.8623988651670516/tmp.tgz-unpack
210 silly lockFile 7602788b--8623988651670516-tmp-tgz-unpack tar:///var/folders/ph/1dqyp3js621dxdp2nz8g361r0000gn/T/npm-25273-OgZuyDuM/1408776479089-0.8623988651670516/tmp.tgz-unpack
211 silly lockFile e15fec80-79089-0-8623988651670516-tmp-tgz tar:///var/folders/ph/1dqyp3js621dxdp2nz8g361r0000gn/T/npm-25273-OgZuyDuM/1408776479089-0.8623988651670516/tmp.tgz
212 silly lockFile e15fec80-79089-0-8623988651670516-tmp-tgz tar:///var/folders/ph/1dqyp3js621dxdp2nz8g361r0000gn/T/npm-25273-OgZuyDuM/1408776479089-0.8623988651670516/tmp.tgz
213 silly lockFile a6daa701-hub-com-stellar-tweetnacl-js-git https://github.com/stellar/tweetnacl-js.git
214 silly lockFile a6daa701-hub-com-stellar-tweetnacl-js-git https://github.com/stellar/tweetnacl-js.git
215 http 200 https://registry.npmjs.org/jsbn
216 silly registry.get cb [ 200,
216 silly registry.get   { date: 'Sat, 23 Aug 2014 06:47:59 GMT',
216 silly registry.get     server: 'CouchDB/1.5.0 (Erlang OTP/R16B03)',
216 silly registry.get     etag: '"B7D3D7NRTKPQIKTYXPEND8G57"',
216 silly registry.get     'content-type': 'application/json',
216 silly registry.get     'cache-control': 'max-age=60',
216 silly registry.get     'content-length': '6490',
216 silly registry.get     'accept-ranges': 'bytes',
216 silly registry.get     via: '1.1 varnish',
216 silly registry.get     age: '104',
216 silly registry.get     'x-served-by': 'cache-sjc3127-SJC',
216 silly registry.get     'x-cache': 'MISS',
216 silly registry.get     'x-cache-hits': '0',
216 silly registry.get     'x-timer': 'S1408776478.842184,VS0,VE357',
216 silly registry.get     vary: 'Accept',
216 silly registry.get     'keep-alive': 'timeout=10, max=50',
216 silly registry.get     connection: 'Keep-Alive' } ]
217 silly addNameRange number 2 { name: 'jsbn', range: '>=0.0.0-0 <0.1.0-0', hasData: true }
218 silly addNameRange versions [ 'jsbn', [ '0.0.0' ] ]
219 verbose addNamed [ 'jsbn', '0.0.0' ]
220 verbose addNamed [ '0.0.0', '0.0.0' ]
221 silly lockFile 723b0aeb-jsbn-0-0-0 jsbn@0.0.0
222 verbose lock jsbn@0.0.0 /Users/jareddeckard/.npm/723b0aeb-jsbn-0-0-0.lock
223 silly lockFile 90270b0d-ry-npmjs-org-jsbn-jsbn-0-0-0-tgz https://registry.npmjs.org/jsbn/-/jsbn-0.0.0.tgz
224 verbose lock https://registry.npmjs.org/jsbn/-/jsbn-0.0.0.tgz /Users/jareddeckard/.npm/90270b0d-ry-npmjs-org-jsbn-jsbn-0-0-0-tgz.lock
225 verbose addRemoteTarball [ 'https://registry.npmjs.org/jsbn/-/jsbn-0.0.0.tgz',
225 verbose addRemoteTarball   'c52701bdcedbdf7084e1cfc701a7f86464ad7828' ]
226 info retry fetch attempt 1 at 23:47:59
227 verbose fetch to= /var/folders/ph/1dqyp3js621dxdp2nz8g361r0000gn/T/npm-25273-OgZuyDuM/registry.npmjs.org/jsbn/-/jsbn-0.0.0.tgz
228 http GET https://registry.npmjs.org/jsbn/-/jsbn-0.0.0.tgz
229 http 200 https://registry.npmjs.org/jsbn/-/jsbn-0.0.0.tgz
230 silly lockFile 90270b0d-ry-npmjs-org-jsbn-jsbn-0-0-0-tgz https://registry.npmjs.org/jsbn/-/jsbn-0.0.0.tgz
231 silly lockFile 90270b0d-ry-npmjs-org-jsbn-jsbn-0-0-0-tgz https://registry.npmjs.org/jsbn/-/jsbn-0.0.0.tgz
232 silly lockFile 723b0aeb-jsbn-0-0-0 jsbn@0.0.0
233 silly lockFile 723b0aeb-jsbn-0-0-0 jsbn@0.0.0
234 silly lockFile 592aafa6-jsbn-0-0-0 jsbn@~0.0.0
235 silly lockFile 592aafa6-jsbn-0-0-0 jsbn@~0.0.0
236 silly resolved [ { name: 'tweetnacl',
236 silly resolved     version: '0.9.1',
236 silly resolved     description: 'Port of TweetNaCl cryptographic library to JavaScript',
236 silly resolved     main: 'nacl.js',
236 silly resolved     directories: { test: 'test' },
236 silly resolved     scripts:
236 silly resolved      { build: 'uglifyjs nacl.js -c -m -o nacl.min.js && uglifyjs nacl-fast.js -c -m -o nacl-fast.min.js',
236 silly resolved        test: 'tape test/*.js | faucet',
236 silly resolved        testall: 'make -C test/c && tape test/*.js test/c/*.js | faucet',
236 silly resolved        browser: 'browserify test/browser/init.js test/*.js | uglifyjs -c -m -o test/browser/_bundle.js 2>/dev/null',
236 silly resolved        'browser-quick': 'browserify test/browser/init.js test/*.quick.js | uglifyjs -c -m -o test/browser/_bundle-quick.js 2>/dev/null',
236 silly resolved        testling: 'browserify test/browser/testling_init.js test/*.js | testling | faucet',
236 silly resolved        firefox: 'browserify test/browser/testling_init.js test/*.js | testling -x firefox | faucet',
236 silly resolved        chrome: 'browserify test/browser/testling_init.js test/*.js | testling -x google-chrome | faucet',
236 silly resolved        bench: 'node test/benchmark/bench.js' },
236 silly resolved     testling: { files: 'test/*.js', browsers: [Object] },
236 silly resolved     repository:
236 silly resolved      { type: 'git',
236 silly resolved        url: 'https://github.com/dchest/tweetnacl-js.git' },
236 silly resolved     keywords:
236 silly resolved      [ 'crypto',
236 silly resolved        'cryptography',
236 silly resolved        'curve25519',
236 silly resolved        'ed25519',
236 silly resolved        'encrypt',
236 silly resolved        'hash',
236 silly resolved        'key',
236 silly resolved        'nacl',
236 silly resolved        'poly1305',
236 silly resolved        'public',
236 silly resolved        'salsa20',
236 silly resolved        'signatures' ],
236 silly resolved     author: { name: 'TweetNaCl-js contributors' },
236 silly resolved     license: 'Public domain',
236 silly resolved     bugs: { url: 'https://github.com/dchest/tweetnacl-js/issues' },
236 silly resolved     homepage: 'https://dchest.github.io/tweetnacl-js',
236 silly resolved     devDependencies:
236 silly resolved      { browserify: '^4.2.0',
236 silly resolved        faucet: '0.0.1',
236 silly resolved        'tap-browser-color': '^0.1.2',
236 silly resolved        tape: '^2.13.3',
236 silly resolved        testling: '^1.7.0',
236 silly resolved        'uglify-js': '^2.4.14' },
236 silly resolved     readme: 'TweetNaCl.js\n============\n\nPort of [TweetNaCl](http://tweetnacl.cr.yp.to) / [NaCl](http://nacl.cr.yp.to/)\nto JavaScript for modern browsers and Node.js. Public domain.\n\n[![Build Status](https://travis-ci.org/dchest/tweetnacl-js.svg?branch=master)\n](https://travis-ci.org/dchest/tweetnacl-js)\n\n[Demo](https://dchest.github.io/tweetnacl-js/)\n\n**:warning: Beta version. The library is stable and API is frozen, however\nit has not been independently reviewed. If you can help reviewing it, please\n[contact me](mailto:dmitry@codingrobots.com).**\n\nDocumentation\n=============\n\n* [Overview](#overview)\n* [Installation](#installation)\n* [Usage](#usage)\n  * [Public-key authenticated encryption (box)](#public-key-authenticated-encryption-box)\n  * [Secret-key authenticated encryption (secretbox)](#secret-key-authenticated-encryption-secretbox)\n  * [Scalar multiplication](#scalar-multiplication)\n  * [Signatures](#signatures)\n  * [Hashing](#hashing)\n  * [Random bytes generation](#random-bytes-generation)\n  * [Constant-time comparison](#constant-time-comparison)\n  * [Utilities](#utilities)\n* [Examples](#examples)\n* [System requirements](#system-requirements)\n* [Development and testing](#development-and-testing)\n* [Contributors](#contributors)\n\n\nOverview\n--------\n\nThe primary goal of this project is to produce a translation of TweetNaCl to\nJavaScript which is as close as possible to the original C implementation, plus\na thin layer of idiomatic high-level API on top of it.\n\nThere are two versions, you can use either of them:\n\n* `nacl.js` is the port of TweetNaCl with minimum differences from the\n  original + high-level API.\n\n* `nacl-fast.js` is like `nacl.js`, but with some functions replaced with\n  faster versions.\n\n\nInstallation\n------------\n\nYou can install TweetNaCl.is via a package manager:\n\n[Bower](http://bower.io):\n\n    $ bower install tweetnacl\n\n[NPM](https://www.npmjs.org/):\n\n    $ npm install tweetnacl\n\nor [download source code](https://github.com/dchest/tweetnacl-js/releases).\n\n\nUsage\n------\n\nAll API functions accept and return bytes as `Uint8Array`s.  If you need to\nencode or decode strings, use functions from `nacl.util` namespace.\n\n### Public-key authenticated encryption (box)\n\nImplements *curve25519-xsalsa20-poly1305*.\n\n#### nacl.box.keyPair()\n\nGenerates a new random key pair for box and returns it as an object with\n`publicKey` and `secretKey` members:\n\n    {\n       publicKey: ...,  // Uint8Array with 32-byte public key\n       secretKey: ...   // Uint8Array with 32-byte secret key\n    }\n\n\n#### nacl.box.keyPair.fromSecretKey(secretKey)\n\nReturns a key pair for box with public key corresponding to the given secret\nkey.\n\n#### nacl.box(message, nonce, theirPublicKey, mySecretKey)\n\nEncrypt and authenticates message using peer\'s public key, our secret key, and\nthe given nonce, which must be unique for each distinct message for a key pair.\n\nReturns an encrypted and authenticated message, which is\n`nacl.box.overheadLength` longer than the original message.\n\n#### nacl.box.open(box, nonce, theirPublicKey, mySecretKey)\n\nAuthenticates and decrypts the given box with peer\'s public key, our secret\nkey, and the given nonce.\n\nReturns the original message, or `false` if authentication fails.\n\n#### nacl.box.before(theirPublicKey, mySecretKey)\n\nReturns a precomputed shared key which can be used in `nacl.box.after` and\n`nacl.box.open.after`.\n\n#### nacl.box.after(message, nonce, sharedKey)\n\nSame as `nacl.box`, but uses a shared key precomputed with `nacl.box.before`.\n\n#### nacl.box.open.after(box, nonce, sharedKey)\n\nSame as `nacl.box.open`, but uses a shared key precomputed with `nacl.box.before`.\n\n#### nacl.box.publicKeyLength = 32\n\nLength of public key in bytes.\n\n#### nacl.box.secretKeyLength = 32\n\nLength of secret key in bytes.\n\n#### nacl.box.sharedKeyLength = 32\n\nLength of precomputed shared key in bytes.\n\n#### nacl.box.nonceLength = 24\n\nLength of nonce in bytes.\n\n#### nacl.box.overheadLength = 16\n\nLength of overhead added to box compared to original message.\n\n\n### Secret-key authenticated encryption (secretbox)\n\nImplements *xsalsa20-poly1305*.\n\n#### nacl.secretbox(message, nonce, key)\n\nEncrypt and authenticates message using the key and the nonce. The nonce must\nbe unique for each distinct message for this key.\n\nReturns an encrypted and authenticated message, which is\n`nacl.secretbox.overheadLength` longer than the original message.\n\n#### nacl.secretbox.open(box, nonce, key)\n\nAuthenticates and decrypts the given secret box using the key and the nonce.\n\nReturns the original message, or `false` if authentication fails.\n\n#### nacl.secretbox.keyLength = 32\n\nLength of key in bytes.\n\n#### nacl.secretbox.nonceLength = 24\n\nLength of nonce in bytes.\n\n#### nacl.secretbox.overheadLength = 16\n\nLength of overhead added to secret box compared to original message.\n\n\n### Scalar multiplication\n\nImplements *curve25519*.\n\n#### nacl.scalarMult(n, p)\n\nMultiplies an integer `n` by a group element `p` and returns the resulting\ngroup element.\n\n#### nacl.scalarMult.base(n)\n\nMultiplies an integer `n` by a standard group element and returns the resulting\ngroup element.\n\n#### nacl.scalarMult.scalarLength = 32\n\nLength of scalar in bytes.\n\n#### nacl.scalarMult.groupElementLength = 32\n\nLength of group element in bytes.\n\n\n### Signatures\n\nImplements [ed25519](http://ed25519.cr.yp.to).\n\n#### nacl.sign.keyPair()\n\nGenerates new random key pair for signing and returns it as an object with\n`publicKey` and `secretKey` members:\n\n    {\n       publicKey: ...,  // Uint8Array with 32-byte public key\n       secretKey: ...   // Uint8Array with 64-byte secret key\n    }\n\n#### nacl.sign.keyPair.fromSecretKey(secretKey)\n\nReturns a signing key pair with public key corresponding to the given secret key.\n\n#### nacl.sign(message, secretKey)\n\nSigns a message using secret key and returns a signature.\n(Note that unlike NaCl C API, it returns only a signature, not a signature\nconcatenated with the message).\n\n#### nacl.sign.open(message, signature, publicKey)\n\nVerifies signature for the message using public key and returns the message.\n(Note that unlike NaCl C API, it accepts the original message and signature\nseparetely instead of a signed message.)\n\nReturns `false` if verification failed.\n\n#### nacl.sign.publicKeyLength = 32\n\nLength of signing public key in bytes.\n\n#### nacl.sign.secretKeyLength = 64\n\nLength of signing secret key in bytes.\n\n#### nacl.sign.signatureLength = 64\n\nLength of signature in bytes.\n\n\n### Hashing\n\nImplements *SHA-512*.\n\n#### nacl.hash(message)\n\nReturns SHA-512 hash of the message.\n\n#### nacl.hash.hashLength = 64\n\nLength of hash in bytes.\n\n\n### Random bytes generation\n\n#### nacl.randomBytes(length)\n\nReturns a `Uint8Array` of the given length containing random bytes of\ncryptographic quality.\n\n**Implementation note**\n\nTweetNaCl.js uses the following methods to generate random bytes,\ndepending on the platform it runs on:\n\n* `window.crypto.getRandomValues` (WebCrypto standard)\n* `window.msCrypto.getRandomValues` (Internet Explorer 11)\n* `crypto.randomBytes` (Node.js)\n\nNote that browsers are required to throw `QuotaExceededError` exception if\nrequested `length` is more than 65536, so do not ask for more than 65536 bytes\nin *one call* (multiple calls to get as many bytes as you like are okay:\nbrowsers can generate infinite amount of random bytes without any bad\nconsequences).\n\nIf the platform doesn\'t provide a suitable PRNG, the following functions,\nwhich require random numbers, will throw exception:\n\n* `nacl.randomBytes`\n* `nacl.box.keyPair`\n* `nacl.sign.keyPair`\n\nOther functions are deterministic and will continue working.\n\nIf a platform you are targeting doesn\'t implement secure random number\ngenerator, but you somehow have a cryptographically-strong source of entropy\n(not `Math.random`!), and you know what you are doing, you can plug it into\nTweetNaCl.js like this:\n\n    nacl.setPRNG(function(x, n) {\n      // ... copy n random bytes into x ...\n    });\n\nNote that `nacl.setPRNG` *completely replaces* internal random byte generator\nwith the one provided.\n\n\n### Constant-time comparison\n\n#### nacl.verify(x, y)\n\nCompares `x` and `y` in constant time and returns `true` if their lengths are\nnon-zero and equal, and their contents are equal.\n\nReturns `false` if either of the arguments has zero length, or arguments have\ndifferent lengths, or their contents differ.\n\n\n### Utilities\n\n#### nacl.util.decodeUTF8(string)\n\nDecodes string and returns `Uint8Array` of bytes.\n\n#### nacl.util.encodeUTF8(array)\n\nEncodes `Uint8Array` or `Array` of bytes into string.\n\n#### nacl.util.decodeBase64(string)\n\nDecodes Base-64 encoded string and returns `Uint8Array` of bytes.\n\n#### nacl.util.encodeBase64(array)\n\nEncodes `Uint8Array` or `Array` of bytes into string using Base-64 encoding.\n\n\nSystem requirements\n-------------------\n\nTweetNaCl.js supports modern browsers that have a cryptographically secure\npseudorandom number generator and typed arrays, including the latest versions\nof:\n\n* Chrome\n* Firefox\n* Safari (Mac, iOS)\n* Internet Explorer 11\n\nOther systems:\n\n* Node.js (we test on 0.10 and later)\n\n\nDevelopment and testing\n------------------------\n\nInstall NPM modules needed for development:\n\n    $ npm install\n\nTo build minified versions:\n\n    $ npm run build\n\nTests use minified version, so make sure to rebuild it every time you change\n`nacl.js` or `nacl-fast.js`.\n\n### Testing\n\nTo run tests in Node.js:\n\n    $ npm test\n\nBy default all tests described here work on `nacl.min.js`. To test other\nversions, set environment variable `NACL_SRC` to the file name you want to test.\nFor example, the following command will test fast minified version:\n\n    $ NACL_SRC=nacl-fast.min.js npm test\n\nTo run full suite of tests in Node.hs, including comparing outputs of\nJavaScript port to outputs of the original C version:\n\n    $ npm run testall\n\nTo prepare tests for browsers:\n\n    $ npm run browser\n\nand then open `tests/browser/test.html` (or `tests/browser/test-fast.html`) to\nrun them.\n\nTo run headless browser tests with `testling`:\n\n    $ npm run testling\n\n(If you get `Error: spawn ENOENT`, install *xvfb*: `sudo apt-get install xvfb`.)\n\n### Benchmarking\n\nTo run benchmarks in Node.js:\n\n    $ npm run bench\n    $ NACL_SRC=nacl-fast.min.js npm run bench\n\nTo run benchmarks in a browser, open `test/benchmark/bench.html` (or\n`test/benchmark/bench-fast.html`).\n\n\nContributors\n------------\n\nJavaScript port:\n\n * [Dmitry Chestnykh](http://github.com/dchest) (ported xsalsa20, poly1305, curve25519)\n * [Devi Mandiri](https://github.com/devi) (ported curve25519, ed25519, sha512)\n\nOriginal authors of [NaCl](http://nacl.cr.yp.to), [TweetNaCl](http://tweetnacl.cr.yp.to)\nand [Poly1305-donna](https://github.com/floodyberry/poly1305-donna)\n(who are *not* responsible for any errors in this implementation):\n\n  * [Daniel J. Bernstein](http://cr.yp.to/djb.html)\n  * Wesley Janssen\n  * [Tanja Lange](http://hyperelliptic.org/tanja)\n  * [Peter Schwabe](http://www.cryptojedi.org/users/peter/)\n  * [Matthew Dempsky](https://github.com/mdempsky)\n  * [Andrew Moon](https://github.com/floodyberry)\n\nContributors have dedicated their work to the public domain.\n\nThis software is distributed without any warranty.\n',
236 silly resolved     readmeFilename: 'README.md',
236 silly resolved     _id: 'tweetnacl@0.9.1',
236 silly resolved     _shasum: 'f33ffaefcff9cd60689fe7be957c48da064de3f7',
236 silly resolved     _resolved: 'git+https://github.com/stellar/tweetnacl-js.git#063e072e482558cfc725b29e93f97bbaba99e5d9',
236 silly resolved     _from: 'tweetnacl@git+https://github.com/stellar/tweetnacl-js.git' },
236 silly resolved   { name: 'jsbn',
236 silly resolved     version: '0.0.0',
236 silly resolved     description: 'The jsbn library is a fast, portable implementation of large-number math in pure JavaScript, enabling public-key crypto and other applications on desktop and mobile browsers.',
236 silly resolved     main: 'index.js',
236 silly resolved     scripts: { test: 'mocha test.js' },
236 silly resolved     repository: { type: 'git', url: 'https://github.com/andyperlitch/jsbn.git' },
236 silly resolved     keywords: [ 'biginteger', 'bignumber', 'big', 'integer' ],
236 silly resolved     author: { name: 'Tom Wu' },
236 silly resolved     license: 'BSD',
236 silly resolved     readme: '# jsbn: javascript big number\n\n[Tom Wu\'s Original Website](http://www-cs-students.stanford.edu/~tjw/jsbn/)\n\nI felt compelled to put this on github and publish to npm. I haven\'t tested every other big integer library out there, but the few that I have tested in comparison to this one have not even come close in performance. I am aware of the `bi` module on npm, however it has been modified and I wanted to publish the original without modifications. This is jsbn and jsbn2 from Tom Wu\'s original website above, with the modular pattern applied to prevent global leaks and to allow for use with node.js on the server side.\n\n## usage\n\n    var BigInteger = require(\'jsbn\');\n    \n    var a = new BigInteger(\'91823918239182398123\');\n    alert(a.bitLength()); // 67\n\n\n## API\n\n### bi.toString()\n\nreturns the base-10 number as a string\n\n### bi.negate()\n\nreturns a new BigInteger equal to the negation of `bi`\n\n### bi.abs\n\nreturns new BI of absolute value\n\n### bi.compareTo\n\n\n\n### bi.bitLength\n\n\n\n### bi.mod\n\n\n\n### bi.modPowInt\n\n\n\n### bi.clone\n\n\n\n### bi.intValue\n\n\n\n### bi.byteValue\n\n\n\n### bi.shortValue\n\n\n\n### bi.signum\n\n\n\n### bi.toByteArray\n\n\n\n### bi.equals\n\n\n\n### bi.min\n\n\n\n### bi.max\n\n\n\n### bi.and\n\n\n\n### bi.or\n\n\n\n### bi.xor\n\n\n\n### bi.andNot\n\n\n\n### bi.not\n\n\n\n### bi.shiftLeft\n\n\n\n### bi.shiftRight\n\n\n\n### bi.getLowestSetBit\n\n\n\n### bi.bitCount\n\n\n\n### bi.testBit\n\n\n\n### bi.setBit\n\n\n\n### bi.clearBit\n\n\n\n### bi.flipBit\n\n\n\n### bi.add\n\n\n\n### bi.subtract\n\n\n\n### bi.multiply\n\n\n\n### bi.divide\n\n\n\n### bi.remainder\n\n\n\n### bi.divideAndRemainder\n\n\n\n### bi.modPow\n\n\n\n### bi.modInverse\n\n\n\n### bi.pow\n\n\n\n### bi.gcd\n\n\n\n### bi.isProbablePrime\n\n\n',
236 silly resolved     readmeFilename: 'README.md',
236 silly resolved     _id: 'jsbn@0.0.0',
236 silly resolved     dist:
236 silly resolved      { shasum: 'c52701bdcedbdf7084e1cfc701a7f86464ad7828',
236 silly resolved        tarball: 'http://registry.npmjs.org/jsbn/-/jsbn-0.0.0.tgz' },
236 silly resolved     _npmVersion: '1.1.71',
236 silly resolved     _npmUser: { name: 'andyperlitch', email: 'andyperlitch@gmail.com' },
236 silly resolved     maintainers: [ [Object] ],
236 silly resolved     directories: {},
236 silly resolved     _shasum: 'c52701bdcedbdf7084e1cfc701a7f86464ad7828',
236 silly resolved     _from: 'jsbn@~0.0.0',
236 silly resolved     _resolved: 'https://registry.npmjs.org/jsbn/-/jsbn-0.0.0.tgz' } ]
237 info install tweetnacl@0.9.1 into /Users/jareddeckard/Github/stellar-lib
238 info install jsbn@0.0.0 into /Users/jareddeckard/Github/stellar-lib
239 info installOne tweetnacl@0.9.1
240 info installOne jsbn@0.0.0
241 info /Users/jareddeckard/Github/stellar-lib/node_modules/jsbn unbuild
242 info /Users/jareddeckard/Github/stellar-lib/node_modules/tweetnacl unbuild
243 info preuninstall tweetnacl@0.9.1
244 verbose tar unpack /Users/jareddeckard/.npm/jsbn/0.0.0/package.tgz
245 silly lockFile 3494dc81-ub-stellar-lib-node-modules-jsbn tar:///Users/jareddeckard/Github/stellar-lib/node_modules/jsbn
246 verbose lock tar:///Users/jareddeckard/Github/stellar-lib/node_modules/jsbn /Users/jareddeckard/.npm/3494dc81-ub-stellar-lib-node-modules-jsbn.lock
247 silly lockFile 11f62917-ckard-npm-jsbn-0-0-0-package-tgz tar:///Users/jareddeckard/.npm/jsbn/0.0.0/package.tgz
248 verbose lock tar:///Users/jareddeckard/.npm/jsbn/0.0.0/package.tgz /Users/jareddeckard/.npm/11f62917-ckard-npm-jsbn-0-0-0-package-tgz.lock
249 info uninstall tweetnacl@0.9.1
250 verbose true,/Users/jareddeckard/Github/stellar-lib/node_modules,/Users/jareddeckard/Github/stellar-lib/node_modules unbuild tweetnacl@0.9.1
251 info postuninstall tweetnacl@0.9.1
252 silly gunzTarPerm modes [ '755', '644' ]
253 silly gunzTarPerm extractEntry package.json
254 silly gunzTarPerm extractEntry .npmignore
255 silly gunzTarPerm extractEntry README.md
256 verbose tar unpack /Users/jareddeckard/.npm/tweetnacl/0.9.1/package.tgz
257 silly lockFile 789c169a-ellar-lib-node-modules-tweetnacl tar:///Users/jareddeckard/Github/stellar-lib/node_modules/tweetnacl
258 verbose lock tar:///Users/jareddeckard/Github/stellar-lib/node_modules/tweetnacl /Users/jareddeckard/.npm/789c169a-ellar-lib-node-modules-tweetnacl.lock
259 silly lockFile 4a2b1ebb--npm-tweetnacl-0-9-1-package-tgz tar:///Users/jareddeckard/.npm/tweetnacl/0.9.1/package.tgz
260 verbose lock tar:///Users/jareddeckard/.npm/tweetnacl/0.9.1/package.tgz /Users/jareddeckard/.npm/4a2b1ebb--npm-tweetnacl-0-9-1-package-tgz.lock
261 silly gunzTarPerm extractEntry example.js
262 silly gunzTarPerm extractEntry index.js
263 silly gunzTarPerm modes [ '755', '644' ]
264 silly gunzTarPerm extractEntry
265 silly gunzTarPerm modified mode [ '', 509, 493 ]
266 silly gunzTarPerm extractEntry example.html
267 silly gunzTarPerm extractEntry .gitignore
268 silly gunzTarPerm modified mode [ '.gitignore', 436, 420 ]
269 silly gunzTarPerm extractEntry .travis.yml
270 silly gunzTarPerm modified mode [ '.travis.yml', 436, 420 ]
271 silly gunzTarPerm extractEntry README.md
272 silly gunzTarPerm modified mode [ 'README.md', 436, 420 ]
273 silly gunzTarPerm extractEntry bower.json
274 silly gunzTarPerm modified mode [ 'bower.json', 436, 420 ]
275 silly gunzTarPerm extractEntry nacl-fast.js
276 silly gunzTarPerm modified mode [ 'nacl-fast.js', 436, 420 ]
277 silly gunzTarPerm extractEntry nacl-fast.min.js
278 silly gunzTarPerm modified mode [ 'nacl-fast.min.js', 436, 420 ]
279 silly gunzTarPerm extractEntry nacl.js
280 silly gunzTarPerm modified mode [ 'nacl.js', 436, 420 ]
281 silly gunzTarPerm extractEntry nacl.min.js
282 silly gunzTarPerm modified mode [ 'nacl.min.js', 436, 420 ]
283 silly gunzTarPerm extractEntry package.json
284 silly gunzTarPerm modified mode [ 'package.json', 436, 420 ]
285 silly gunzTarPerm extractEntry test/
286 silly gunzTarPerm modified mode [ 'test/', 509, 493 ]
287 silly gunzTarPerm extractEntry test/00-utils.js
288 silly gunzTarPerm modified mode [ 'test/00-utils.js', 436, 420 ]
289 silly gunzTarPerm extractEntry test/00-utils.quick.js
290 silly gunzTarPerm modified mode [ 'test/00-utils.quick.js', 436, 420 ]
291 silly gunzTarPerm extractEntry test/01-verify.quick.js
292 silly gunzTarPerm modified mode [ 'test/01-verify.quick.js', 436, 420 ]
293 silly lockFile 3494dc81-ub-stellar-lib-node-modules-jsbn tar:///Users/jareddeckard/Github/stellar-lib/node_modules/jsbn
294 silly lockFile 3494dc81-ub-stellar-lib-node-modules-jsbn tar:///Users/jareddeckard/Github/stellar-lib/node_modules/jsbn
295 silly lockFile 11f62917-ckard-npm-jsbn-0-0-0-package-tgz tar:///Users/jareddeckard/.npm/jsbn/0.0.0/package.tgz
296 silly lockFile 11f62917-ckard-npm-jsbn-0-0-0-package-tgz tar:///Users/jareddeckard/.npm/jsbn/0.0.0/package.tgz
297 info preinstall jsbn@0.0.0
298 verbose readDependencies using package.json deps
299 verbose readDependencies using package.json deps
300 silly resolved []
301 verbose about to build /Users/jareddeckard/Github/stellar-lib/node_modules/jsbn
302 info build /Users/jareddeckard/Github/stellar-lib/node_modules/jsbn
303 verbose linkStuff [ false,
303 verbose linkStuff   false,
303 verbose linkStuff   false,
303 verbose linkStuff   '/Users/jareddeckard/Github/stellar-lib/node_modules' ]
304 info linkStuff jsbn@0.0.0
305 verbose linkBins jsbn@0.0.0
306 verbose linkMans jsbn@0.0.0
307 verbose rebuildBundles jsbn@0.0.0
308 info install jsbn@0.0.0
309 info postinstall jsbn@0.0.0
310 silly gunzTarPerm extractEntry test/02-randombytes.quick.js
311 silly gunzTarPerm modified mode [ 'test/02-randombytes.quick.js', 436, 420 ]
312 silly gunzTarPerm extractEntry test/03-onetimeauth.quick.js
313 silly gunzTarPerm modified mode [ 'test/03-onetimeauth.quick.js', 436, 420 ]
314 silly gunzTarPerm extractEntry test/04-secretbox.js
315 silly gunzTarPerm modified mode [ 'test/04-secretbox.js', 436, 420 ]
316 silly gunzTarPerm extractEntry test/04-secretbox.quick.js
317 silly gunzTarPerm modified mode [ 'test/04-secretbox.quick.js', 436, 420 ]
318 silly gunzTarPerm extractEntry test/05-scalarmult.js
319 silly gunzTarPerm modified mode [ 'test/05-scalarmult.js', 436, 420 ]
320 silly gunzTarPerm extractEntry test/06-box.js
321 silly gunzTarPerm modified mode [ 'test/06-box.js', 436, 420 ]
322 silly gunzTarPerm extractEntry test/06-box.quick.js
323 silly gunzTarPerm modified mode [ 'test/06-box.quick.js', 436, 420 ]
324 silly gunzTarPerm extractEntry test/07-hash.js
325 silly gunzTarPerm modified mode [ 'test/07-hash.js', 436, 420 ]
326 silly gunzTarPerm extractEntry test/07-hash.quick.js
327 silly gunzTarPerm modified mode [ 'test/07-hash.quick.js', 436, 420 ]
328 silly gunzTarPerm extractEntry test/08-sign.js
329 silly gunzTarPerm modified mode [ 'test/08-sign.js', 436, 420 ]
330 silly gunzTarPerm extractEntry test/08-sign.quick.js
331 silly gunzTarPerm modified mode [ 'test/08-sign.quick.js', 436, 420 ]
332 silly gunzTarPerm extractEntry test/benchmark/
333 silly gunzTarPerm modified mode [ 'test/benchmark/', 509, 493 ]
334 silly gunzTarPerm extractEntry test/benchmark/README
335 silly gunzTarPerm modified mode [ 'test/benchmark/README', 436, 420 ]
336 silly gunzTarPerm extractEntry test/benchmark/bench-fast.html
337 silly gunzTarPerm modified mode [ 'test/benchmark/bench-fast.html', 436, 420 ]
338 silly gunzTarPerm extractEntry test/benchmark/bench.html
339 silly gunzTarPerm modified mode [ 'test/benchmark/bench.html', 436, 420 ]
340 silly gunzTarPerm extractEntry test/benchmark/bench.js
341 silly gunzTarPerm modified mode [ 'test/benchmark/bench.js', 436, 420 ]
342 silly gunzTarPerm extractEntry test/benchmark/helpers.js
343 silly gunzTarPerm modified mode [ 'test/benchmark/helpers.js', 436, 420 ]
344 silly gunzTarPerm extractEntry test/browser/
345 silly gunzTarPerm modified mode [ 'test/browser/', 509, 493 ]
346 silly gunzTarPerm extractEntry test/browser/.gitignore
347 silly gunzTarPerm modified mode [ 'test/browser/.gitignore', 436, 420 ]
348 silly gunzTarPerm extractEntry test/browser/README
349 silly gunzTarPerm modified mode [ 'test/browser/README', 436, 420 ]
350 silly gunzTarPerm extractEntry test/browser/index.html
351 silly gunzTarPerm modified mode [ 'test/browser/index.html', 436, 420 ]
352 silly gunzTarPerm extractEntry test/browser/init.js
353 silly gunzTarPerm modified mode [ 'test/browser/init.js', 436, 420 ]
354 silly gunzTarPerm extractEntry test/browser/test-fast.html
355 silly gunzTarPerm modified mode [ 'test/browser/test-fast.html', 436, 420 ]
356 silly gunzTarPerm extractEntry test/browser/test-quick-fast.html
357 silly gunzTarPerm modified mode [ 'test/browser/test-quick-fast.html', 436, 420 ]
358 silly gunzTarPerm extractEntry test/browser/test-quick.html
359 silly gunzTarPerm modified mode [ 'test/browser/test-quick.html', 436, 420 ]
360 silly gunzTarPerm extractEntry test/browser/test.html
361 silly gunzTarPerm modified mode [ 'test/browser/test.html', 436, 420 ]
362 silly gunzTarPerm extractEntry test/browser/testling_init.js
363 silly gunzTarPerm modified mode [ 'test/browser/testling_init.js', 436, 420 ]
364 silly gunzTarPerm extractEntry test/c/
365 silly gunzTarPerm modified mode [ 'test/c/', 509, 493 ]
366 silly gunzTarPerm extractEntry test/c/.gitignore
367 silly gunzTarPerm modified mode [ 'test/c/.gitignore', 436, 420 ]
368 silly gunzTarPerm extractEntry test/c/00-secretbox.js
369 silly gunzTarPerm modified mode [ 'test/c/00-secretbox.js', 436, 420 ]
370 silly gunzTarPerm extractEntry test/c/01-scalarmult.js
371 silly gunzTarPerm modified mode [ 'test/c/01-scalarmult.js', 436, 420 ]
372 silly gunzTarPerm extractEntry test/c/02-box.js
373 silly gunzTarPerm modified mode [ 'test/c/02-box.js', 436, 420 ]
374 silly gunzTarPerm extractEntry test/c/03-hash.js
375 silly gunzTarPerm modified mode [ 'test/c/03-hash.js', 436, 420 ]
376 silly gunzTarPerm extractEntry test/c/04-sign.js
377 silly gunzTarPerm modified mode [ 'test/c/04-sign.js', 436, 420 ]
378 silly gunzTarPerm extractEntry test/c/Makefile
379 silly gunzTarPerm modified mode [ 'test/c/Makefile', 436, 420 ]
380 silly gunzTarPerm extractEntry test/c/README
381 silly gunzTarPerm modified mode [ 'test/c/README', 436, 420 ]
382 silly gunzTarPerm extractEntry test/c/cbox.c
383 silly gunzTarPerm modified mode [ 'test/c/cbox.c', 436, 420 ]
384 silly gunzTarPerm extractEntry test/c/chash.c
385 silly gunzTarPerm modified mode [ 'test/c/chash.c', 436, 420 ]
386 silly gunzTarPerm extractEntry test/c/cscalarmult.c
387 silly gunzTarPerm modified mode [ 'test/c/cscalarmult.c', 436, 420 ]
388 silly gunzTarPerm extractEntry test/c/csecretbox.c
389 silly gunzTarPerm modified mode [ 'test/c/csecretbox.c', 436, 420 ]
390 silly gunzTarPerm extractEntry test/c/csign.c
391 silly gunzTarPerm modified mode [ 'test/c/csign.c', 436, 420 ]
392 silly gunzTarPerm extractEntry test/c/tweetnacl.c
393 silly gunzTarPerm modified mode [ 'test/c/tweetnacl.c', 436, 420 ]
394 silly gunzTarPerm extractEntry test/c/tweetnacl.h
395 silly gunzTarPerm modified mode [ 'test/c/tweetnacl.h', 436, 420 ]
396 silly gunzTarPerm extractEntry test/data/
397 silly gunzTarPerm modified mode [ 'test/data/', 509, 493 ]
398 silly gunzTarPerm extractEntry test/data/README
399 silly gunzTarPerm modified mode [ 'test/data/README', 436, 420 ]
400 silly gunzTarPerm extractEntry test/data/base64.random.js
401 silly gunzTarPerm modified mode [ 'test/data/base64.random.js', 436, 420 ]
402 silly gunzTarPerm extractEntry test/data/box.random.js
403 silly gunzTarPerm modified mode [ 'test/data/box.random.js', 436, 420 ]
404 silly gunzTarPerm extractEntry test/data/hash.random.js
405 silly gunzTarPerm modified mode [ 'test/data/hash.random.js', 436, 420 ]
406 silly gunzTarPerm extractEntry test/data/hash.spec.js
407 silly gunzTarPerm modified mode [ 'test/data/hash.spec.js', 436, 420 ]
408 silly gunzTarPerm extractEntry test/data/onetimeauth.spec.js
409 silly gunzTarPerm modified mode [ 'test/data/onetimeauth.spec.js', 436, 420 ]
410 silly gunzTarPerm extractEntry test/data/scalarmult.random.js
411 silly gunzTarPerm modified mode [ 'test/data/scalarmult.random.js', 436, 420 ]
412 silly gunzTarPerm extractEntry test/data/secretbox.random.js
413 silly gunzTarPerm modified mode [ 'test/data/secretbox.random.js', 436, 420 ]
414 silly gunzTarPerm extractEntry test/data/sign.spec.js
415 silly gunzTarPerm modified mode [ 'test/data/sign.spec.js', 436, 420 ]
416 silly gunzTarPerm extractEntry test/generate_data/
417 silly gunzTarPerm modified mode [ 'test/generate_data/', 509, 493 ]
418 silly gunzTarPerm extractEntry test/generate_data/README
419 silly gunzTarPerm modified mode [ 'test/generate_data/README', 436, 420 ]
420 silly gunzTarPerm extractEntry test/generate_data/base64.go
421 silly gunzTarPerm modified mode [ 'test/generate_data/base64.go', 436, 420 ]
422 silly gunzTarPerm extractEntry test/generate_data/box.go
423 silly gunzTarPerm modified mode [ 'test/generate_data/box.go', 436, 420 ]
424 silly gunzTarPerm extractEntry test/generate_data/hash.go
425 silly gunzTarPerm modified mode [ 'test/generate_data/hash.go', 436, 420 ]
426 silly gunzTarPerm extractEntry test/generate_data/scalarmult.go
427 silly gunzTarPerm modified mode [ 'test/generate_data/scalarmult.go', 436, 420 ]
428 silly gunzTarPerm extractEntry test/generate_data/secretbox.go
429 silly gunzTarPerm modified mode [ 'test/generate_data/secretbox.go', 436, 420 ]
430 silly gunzTarPerm extractEntry test/generate_data/sign.go
431 silly gunzTarPerm modified mode [ 'test/generate_data/sign.go', 436, 420 ]
432 silly lockFile 789c169a-ellar-lib-node-modules-tweetnacl tar:///Users/jareddeckard/Github/stellar-lib/node_modules/tweetnacl
433 silly lockFile 789c169a-ellar-lib-node-modules-tweetnacl tar:///Users/jareddeckard/Github/stellar-lib/node_modules/tweetnacl
434 silly lockFile 4a2b1ebb--npm-tweetnacl-0-9-1-package-tgz tar:///Users/jareddeckard/.npm/tweetnacl/0.9.1/package.tgz
435 silly lockFile 4a2b1ebb--npm-tweetnacl-0-9-1-package-tgz tar:///Users/jareddeckard/.npm/tweetnacl/0.9.1/package.tgz
436 info preinstall tweetnacl@0.9.1
437 verbose readDependencies using package.json deps
438 verbose readDependencies using package.json deps
439 silly resolved []
440 verbose about to build /Users/jareddeckard/Github/stellar-lib/node_modules/tweetnacl
441 info build /Users/jareddeckard/Github/stellar-lib/node_modules/tweetnacl
442 verbose linkStuff [ false,
442 verbose linkStuff   false,
442 verbose linkStuff   false,
442 verbose linkStuff   '/Users/jareddeckard/Github/stellar-lib/node_modules' ]
443 info linkStuff tweetnacl@0.9.1
444 verbose linkBins tweetnacl@0.9.1
445 verbose linkMans tweetnacl@0.9.1
446 verbose rebuildBundles tweetnacl@0.9.1
447 info install tweetnacl@0.9.1
448 info postinstall tweetnacl@0.9.1
449 info build /Users/jareddeckard/Github/stellar-lib
450 verbose linkStuff [ false, false, false, '/Users/jareddeckard/Github' ]
451 info linkStuff stellar-lib@1.0.0
452 verbose linkBins stellar-lib@1.0.0
453 verbose linkMans stellar-lib@1.0.0
454 verbose rebuildBundles stellar-lib@1.0.0
455 verbose rebuildBundles [ '.bin',
455 verbose rebuildBundles   'async',
455 verbose rebuildBundles   'big-integer',
455 verbose rebuildBundles   'chai',
455 verbose rebuildBundles   'coveralls',
455 verbose rebuildBundles   'extend',
455 verbose rebuildBundles   'grunt',
455 verbose rebuildBundles   'grunt-cli',
455 verbose rebuildBundles   'grunt-contrib-concat',
455 verbose rebuildBundles   'grunt-contrib-watch',
455 verbose rebuildBundles   'grunt-dox',
455 verbose rebuildBundles   'grunt-webpack',
455 verbose rebuildBundles   'gulp',
455 verbose rebuildBundles   'gulp-concat',
455 verbose rebuildBundles   'gulp-jshint',
455 verbose rebuildBundles   'gulp-rename',
455 verbose rebuildBundles   'gulp-uglify',
455 verbose rebuildBundles   'istanbul',
455 verbose rebuildBundles   'jsbn',
455 verbose rebuildBundles   'jshint-loader',
455 verbose rebuildBundles   'lru-cache',
455 verbose rebuildBundles   'map-stream',
455 verbose rebuildBundles   'mocha',
455 verbose rebuildBundles   'nock',
455 verbose rebuildBundles   'sinon',
455 verbose rebuildBundles   'sinon-chai',
455 verbose rebuildBundles   'sjcl',
455 verbose rebuildBundles   'superagent',
455 verbose rebuildBundles   'tweetnacl',
455 verbose rebuildBundles   'webpack',
455 verbose rebuildBundles   'ws' ]
456 verbose rebuild bundle /Users/jareddeckard/Github/stellar-lib/node_modules/big-integer
457 info build /Users/jareddeckard/Github/stellar-lib/node_modules/big-integer
458 info preinstall big-integer@1.2.10
459 verbose linkStuff [ false,
459 verbose linkStuff   false,
459 verbose linkStuff   false,
459 verbose linkStuff   '/Users/jareddeckard/Github/stellar-lib/node_modules' ]
460 info linkStuff big-integer@1.2.10
461 verbose linkBins big-integer@1.2.10
462 verbose link bins [ {},
462 verbose link bins   '/Users/jareddeckard/Github/stellar-lib/node_modules/.bin',
462 verbose link bins   false ]
463 verbose linkMans big-integer@1.2.10
464 verbose rebuildBundles big-integer@1.2.10
465 info install big-integer@1.2.10
466 info postinstall big-integer@1.2.10
467 verbose rebuild bundle /Users/jareddeckard/Github/stellar-lib/node_modules/chai
468 info build /Users/jareddeckard/Github/stellar-lib/node_modules/chai
469 info preinstall chai@1.9.1
470 verbose linkStuff [ false,
470 verbose linkStuff   false,
470 verbose linkStuff   false,
470 verbose linkStuff   '/Users/jareddeckard/Github/stellar-lib/node_modules' ]
471 info linkStuff chai@1.9.1
472 verbose linkBins chai@1.9.1
473 verbose linkMans chai@1.9.1
474 verbose rebuildBundles chai@1.9.1
475 verbose rebuildBundles [ 'assertion-error', 'deep-eql' ]
476 info install chai@1.9.1
477 info postinstall chai@1.9.1
478 verbose rebuild bundle /Users/jareddeckard/Github/stellar-lib/node_modules/grunt
479 info build /Users/jareddeckard/Github/stellar-lib/node_modules/grunt
480 info preinstall grunt@0.4.5
481 verbose linkStuff [ false,
481 verbose linkStuff   false,
481 verbose linkStuff   false,
481 verbose linkStuff   '/Users/jareddeckard/Github/stellar-lib/node_modules' ]
482 info linkStuff grunt@0.4.5
483 verbose linkBins grunt@0.4.5
484 verbose linkMans grunt@0.4.5
485 verbose rebuildBundles grunt@0.4.5
486 verbose rebuildBundles [ '.bin',
486 verbose rebuildBundles   'async',
486 verbose rebuildBundles   'coffee-script',
486 verbose rebuildBundles   'colors',
486 verbose rebuildBundles   'dateformat',
486 verbose rebuildBundles   'eventemitter2',
486 verbose rebuildBundles   'exit',
486 verbose rebuildBundles   'findup-sync',
486 verbose rebuildBundles   'getobject',
486 verbose rebuildBundles   'glob',
486 verbose rebuildBundles   'grunt-legacy-log',
486 verbose rebuildBundles   'grunt-legacy-util',
486 verbose rebuildBundles   'hooker',
486 verbose rebuildBundles   'iconv-lite',
486 verbose rebuildBundles   'js-yaml',
486 verbose rebuildBundles   'lodash',
486 verbose rebuildBundles   'minimatch',
486 verbose rebuildBundles   'nopt',
486 verbose rebuildBundles   'rimraf',
486 verbose rebuildBundles   'underscore.string',
486 verbose rebuildBundles   'which' ]
487 info install grunt@0.4.5
488 info postinstall grunt@0.4.5
489 verbose rebuild bundle /Users/jareddeckard/Github/stellar-lib/node_modules/grunt-cli
490 info build /Users/jareddeckard/Github/stellar-lib/node_modules/grunt-cli
491 info preinstall grunt-cli@0.1.13
492 verbose linkStuff [ false,
492 verbose linkStuff   false,
492 verbose linkStuff   false,
492 verbose linkStuff   '/Users/jareddeckard/Github/stellar-lib/node_modules' ]
493 info linkStuff grunt-cli@0.1.13
494 warn prefer global grunt-cli@0.1.13 should be installed with -g
495 verbose linkBins grunt-cli@0.1.13
496 verbose link bins [ { grunt: 'bin/grunt' },
496 verbose link bins   '/Users/jareddeckard/Github/stellar-lib/node_modules/.bin',
496 verbose link bins   false ]
497 verbose linkMans grunt-cli@0.1.13
498 verbose rebuildBundles grunt-cli@0.1.13
499 verbose rebuildBundles [ '.bin', 'findup-sync', 'nopt', 'resolve' ]
500 info install grunt-cli@0.1.13
501 info postinstall grunt-cli@0.1.13
502 verbose rebuild bundle /Users/jareddeckard/Github/stellar-lib/node_modules/grunt-contrib-concat
503 info build /Users/jareddeckard/Github/stellar-lib/node_modules/grunt-contrib-concat
504 info preinstall grunt-contrib-concat@0.3.0
505 verbose linkStuff [ false,
505 verbose linkStuff   false,
505 verbose linkStuff   false,
505 verbose linkStuff   '/Users/jareddeckard/Github/stellar-lib/node_modules' ]
506 info linkStuff grunt-contrib-concat@0.3.0
507 verbose linkBins grunt-contrib-concat@0.3.0
508 verbose linkMans grunt-contrib-concat@0.3.0
509 verbose rebuildBundles grunt-contrib-concat@0.3.0
510 info install grunt-contrib-concat@0.3.0
511 info postinstall grunt-contrib-concat@0.3.0
512 verbose rebuild bundle /Users/jareddeckard/Github/stellar-lib/node_modules/grunt-contrib-watch
513 info build /Users/jareddeckard/Github/stellar-lib/node_modules/grunt-contrib-watch
514 info preinstall grunt-contrib-watch@0.4.4
515 verbose linkStuff [ false,
515 verbose linkStuff   false,
515 verbose linkStuff   false,
515 verbose linkStuff   '/Users/jareddeckard/Github/stellar-lib/node_modules' ]
516 info linkStuff grunt-contrib-watch@0.4.4
517 verbose linkBins grunt-contrib-watch@0.4.4
518 verbose linkMans grunt-contrib-watch@0.4.4
519 verbose rebuildBundles grunt-contrib-watch@0.4.4
520 verbose rebuildBundles [ '.bin', 'gaze', 'tiny-lr' ]
521 info install grunt-contrib-watch@0.4.4
522 info postinstall grunt-contrib-watch@0.4.4
523 verbose rebuild bundle /Users/jareddeckard/Github/stellar-lib/node_modules/grunt-dox
524 info build /Users/jareddeckard/Github/stellar-lib/node_modules/grunt-dox
525 info preinstall grunt-dox@0.5.0
526 verbose linkStuff [ false,
526 verbose linkStuff   false,
526 verbose linkStuff   false,
526 verbose linkStuff   '/Users/jareddeckard/Github/stellar-lib/node_modules' ]
527 info linkStuff grunt-dox@0.5.0
528 verbose linkBins grunt-dox@0.5.0
529 verbose link bins [ { 'grunt-dox': 'bin/grunt-dox' },
529 verbose link bins   '/Users/jareddeckard/Github/stellar-lib/node_modules/.bin',
529 verbose link bins   false ]
530 verbose linkMans grunt-dox@0.5.0
531 verbose rebuildBundles grunt-dox@0.5.0
532 verbose rebuildBundles [ '.bin', 'dox', 'dox-foundation', 'rimraf' ]
533 info install grunt-dox@0.5.0
534 info postinstall grunt-dox@0.5.0
535 verbose rebuild bundle /Users/jareddeckard/Github/stellar-lib/node_modules/grunt-webpack
536 info build /Users/jareddeckard/Github/stellar-lib/node_modules/grunt-webpack
537 info preinstall grunt-webpack@0.10.5
538 verbose linkStuff [ false,
538 verbose linkStuff   false,
538 verbose linkStuff   false,
538 verbose linkStuff   '/Users/jareddeckard/Github/stellar-lib/node_modules' ]
539 info linkStuff grunt-webpack@0.10.5
540 verbose linkBins grunt-webpack@0.10.5
541 verbose linkMans grunt-webpack@0.10.5
542 verbose rebuildBundles grunt-webpack@0.10.5
543 verbose rebuildBundles [ 'lodash' ]
544 info install grunt-webpack@0.10.5
545 info postinstall grunt-webpack@0.10.5
546 verbose rebuild bundle /Users/jareddeckard/Github/stellar-lib/node_modules/jshint-loader
547 info build /Users/jareddeckard/Github/stellar-lib/node_modules/jshint-loader
548 info preinstall jshint-loader@0.5.0
549 verbose linkStuff [ false,
549 verbose linkStuff   false,
549 verbose linkStuff   false,
549 verbose linkStuff   '/Users/jareddeckard/Github/stellar-lib/node_modules' ]
550 info linkStuff jshint-loader@0.5.0
551 verbose linkBins jshint-loader@0.5.0
552 verbose linkMans jshint-loader@0.5.0
553 verbose rebuildBundles jshint-loader@0.5.0
554 verbose rebuildBundles [ '.bin', 'jshint', 'loader-utils' ]
555 info install jshint-loader@0.5.0
556 info postinstall jshint-loader@0.5.0
557 verbose rebuild bundle /Users/jareddeckard/Github/stellar-lib/node_modules/sinon
558 info build /Users/jareddeckard/Github/stellar-lib/node_modules/sinon
559 info preinstall sinon@1.7.3
560 verbose linkStuff [ false,
560 verbose linkStuff   false,
560 verbose linkStuff   false,
560 verbose linkStuff   '/Users/jareddeckard/Github/stellar-lib/node_modules' ]
561 info linkStuff sinon@1.7.3
562 verbose linkBins sinon@1.7.3
563 verbose linkMans sinon@1.7.3
564 verbose rebuildBundles sinon@1.7.3
565 verbose rebuildBundles [ 'buster-format' ]
566 info install sinon@1.7.3
567 info postinstall sinon@1.7.3
568 verbose rebuild bundle /Users/jareddeckard/Github/stellar-lib/node_modules/sinon-chai
569 info build /Users/jareddeckard/Github/stellar-lib/node_modules/sinon-chai
570 info preinstall sinon-chai@2.4.0
571 verbose linkStuff [ false,
571 verbose linkStuff   false,
571 verbose linkStuff   false,
571 verbose linkStuff   '/Users/jareddeckard/Github/stellar-lib/node_modules' ]
572 info linkStuff sinon-chai@2.4.0
573 verbose linkBins sinon-chai@2.4.0
574 verbose linkMans sinon-chai@2.4.0
575 verbose rebuildBundles sinon-chai@2.4.0
576 info install sinon-chai@2.4.0
577 info postinstall sinon-chai@2.4.0
578 verbose rebuild bundle /Users/jareddeckard/Github/stellar-lib/node_modules/ws
579 info build /Users/jareddeckard/Github/stellar-lib/node_modules/ws
580 info preinstall ws@0.4.31
581 verbose linkStuff [ false,
581 verbose linkStuff   false,
581 verbose linkStuff   false,
581 verbose linkStuff   '/Users/jareddeckard/Github/stellar-lib/node_modules' ]
582 info linkStuff ws@0.4.31
583 verbose linkBins ws@0.4.31
584 verbose link bins [ { wscat: './bin/wscat' },
584 verbose link bins   '/Users/jareddeckard/Github/stellar-lib/node_modules/.bin',
584 verbose link bins   false ]
585 verbose linkMans ws@0.4.31
586 verbose rebuildBundles ws@0.4.31
587 verbose rebuildBundles [ 'commander', 'nan', 'options', 'tinycolor' ]
588 info install ws@0.4.31
589 verbose unsafe-perm in lifecycle true
590 info postinstall ws@0.4.31
591 info install stellar-lib@1.0.0
592 info postinstall stellar-lib@1.0.0
593 info prepublish stellar-lib@1.0.0
594 error peerinvalid The package webpack does not satisfy its siblings' peerDependencies requirements!
594 error peerinvalid Peer grunt-webpack@0.10.5 wants webpack@0.10.x
595 error System Darwin 13.2.0
596 error command "node" "/usr/local/bin/npm" "install"
597 error cwd /Users/jareddeckard/Github/stellar-lib
598 error node -v v0.10.28
599 error npm -v 1.4.13
600 error code EPEERINVALID
601 verbose exit [ 1, true ]
